2017-12-07 00:08:27,682  INFO [main] (JettyLauncher.java:87) - exists file is :false
2017-12-07 00:08:27,688  INFO [main] (JettyLauncher.java:90) - file:/E:/workspace/test/h-wechat/target/h-wechat-0.0.1-SNAPSHOT-jar-with-dependencies.jar!/webdefault.xml
2017-12-07 00:08:27,694  INFO [main] (Server.java:272) - jetty-8.y.z-SNAPSHOT
2017-12-07 00:08:27,736  WARN [main] (WebAppContext.java:503) - Failed startup of context o.e.j.w.WebAppContext{/,file:/E:/workspace/test/h-wechat/target/webapp}
java.io.FileNotFoundException: E:\workspace\test\h-wechat\target\h-wechat-0.0.1-SNAPSHOT-jar-with-dependencies.jar!\webdefault.xml (系统找不到指定的路径。)
	at java.io.FileInputStream.open(Native Method)
	at java.io.FileInputStream.<init>(Unknown Source)
	at org.eclipse.jetty.util.resource.FileResource.getInputStream(FileResource.java:286)
	at org.eclipse.jetty.webapp.Descriptor.parse(Descriptor.java:65)
	at org.eclipse.jetty.webapp.WebDescriptor.parse(WebDescriptor.java:148)
	at org.eclipse.jetty.webapp.MetaData.setDefaults(MetaData.java:149)
	at org.eclipse.jetty.webapp.WebXmlConfiguration.preConfigure(WebXmlConfiguration.java:54)
	at org.eclipse.jetty.webapp.WebAppContext.preConfigure(WebAppContext.java:457)
	at org.eclipse.jetty.webapp.WebAppContext.doStart(WebAppContext.java:493)
	at org.eclipse.jetty.util.component.AbstractLifeCycle.start(AbstractLifeCycle.java:64)
	at org.eclipse.jetty.server.handler.HandlerCollection.doStart(HandlerCollection.java:229)
	at org.eclipse.jetty.server.handler.ContextHandlerCollection.doStart(ContextHandlerCollection.java:172)
	at org.eclipse.jetty.util.component.AbstractLifeCycle.start(AbstractLifeCycle.java:64)
	at org.eclipse.jetty.server.handler.HandlerWrapper.doStart(HandlerWrapper.java:95)
	at org.eclipse.jetty.server.Server.doStart(Server.java:282)
	at org.eclipse.jetty.util.component.AbstractLifeCycle.start(AbstractLifeCycle.java:64)
	at cn.gloomy.h.api.JettyLauncher.start(JettyLauncher.java:97)
	at cn.gloomy.h.api.JettyLauncher.main(JettyLauncher.java:133)
	at cn.gloomy.h.api.Booter.main(Booter.java:5)
2017-12-07 00:08:27,781  INFO [main] (AbstractConnector.java:338) - Started SelectChannelConnector@0.0.0.0:80
2017-12-07 00:08:27,782  WARN [main] (JettyLauncher.java:135) - Server start in [0.0.0.0:80]
2017-12-07 00:11:24,131  INFO [main] (JettyLauncher.java:87) - exists file is :false
2017-12-07 00:11:24,133  INFO [main] (JettyLauncher.java:90) - file:/E:/workspace/test/h-wechat/target/h-wechat-0.0.1-SNAPSHOT-jar-with-dependencies.jar!/webdefault.xml
2017-12-07 00:11:24,137  INFO [main] (Server.java:272) - jetty-8.y.z-SNAPSHOT
2017-12-07 00:11:24,177  WARN [main] (WebAppContext.java:503) - Failed startup of context o.e.j.w.WebAppContext{/,file:/E:/workspace/test/h-wechat/target/webapp}
java.io.FileNotFoundException: E:\workspace\test\h-wechat\target\h-wechat-0.0.1-SNAPSHOT-jar-with-dependencies.jar!\webdefault.xml (系统找不到指定的路径。)
	at java.io.FileInputStream.open(Native Method)
	at java.io.FileInputStream.<init>(Unknown Source)
	at org.eclipse.jetty.util.resource.FileResource.getInputStream(FileResource.java:286)
	at org.eclipse.jetty.webapp.Descriptor.parse(Descriptor.java:65)
	at org.eclipse.jetty.webapp.WebDescriptor.parse(WebDescriptor.java:148)
	at org.eclipse.jetty.webapp.MetaData.setDefaults(MetaData.java:149)
	at org.eclipse.jetty.webapp.WebXmlConfiguration.preConfigure(WebXmlConfiguration.java:54)
	at org.eclipse.jetty.webapp.WebAppContext.preConfigure(WebAppContext.java:457)
	at org.eclipse.jetty.webapp.WebAppContext.doStart(WebAppContext.java:493)
	at org.eclipse.jetty.util.component.AbstractLifeCycle.start(AbstractLifeCycle.java:64)
	at org.eclipse.jetty.server.handler.HandlerCollection.doStart(HandlerCollection.java:229)
	at org.eclipse.jetty.server.handler.ContextHandlerCollection.doStart(ContextHandlerCollection.java:172)
	at org.eclipse.jetty.util.component.AbstractLifeCycle.start(AbstractLifeCycle.java:64)
	at org.eclipse.jetty.server.handler.HandlerWrapper.doStart(HandlerWrapper.java:95)
	at org.eclipse.jetty.server.Server.doStart(Server.java:282)
	at org.eclipse.jetty.util.component.AbstractLifeCycle.start(AbstractLifeCycle.java:64)
	at cn.gloomy.h.api.JettyLauncher.start(JettyLauncher.java:97)
	at cn.gloomy.h.api.JettyLauncher.main(JettyLauncher.java:133)
	at cn.gloomy.h.api.Booter.main(Booter.java:5)
2017-12-07 00:11:24,221  INFO [main] (AbstractConnector.java:338) - Started SelectChannelConnector@0.0.0.0:80
2017-12-07 00:11:24,222  WARN [main] (JettyLauncher.java:135) - Server start in [0.0.0.0:80]
2017-12-07 00:12:31,931  INFO [main] (Server.java:272) - jetty-8.y.z-SNAPSHOT
2017-12-07 00:12:32,366  INFO [main] (AbstractConnector.java:338) - Started SelectChannelConnector@0.0.0.0:80
2017-12-07 00:12:32,367  WARN [main] (JettyLauncher.java:135) - Server start in [0.0.0.0:80]
2017-12-07 00:14:52,672  INFO [main] (Server.java:272) - jetty-8.y.z-SNAPSHOT
2017-12-07 00:14:52,871  INFO [main] (AbstractConnector.java:338) - Started SelectChannelConnector@0.0.0.0:80
2017-12-07 00:14:52,872  WARN [main] (JettyLauncher.java:135) - Server start in [0.0.0.0:80]
2017-12-07 19:08:01,519  INFO [main] (Server.java:272) - jetty-8.y.z-SNAPSHOT
2017-12-07 19:08:01,872  INFO [main] (AbstractConnector.java:338) - Started SelectChannelConnector@0.0.0.0:80
2017-12-07 19:08:01,872  WARN [main] (JettyLauncher.java:135) - Server start in [0.0.0.0:80]
